Performing C++ SOURCE FILE Test CMAKE_HAVE_LIBC_PTHREAD failed with the following output:
Change Dir: /home/wzj/wzj/repos/cuda_test/5.timer_based_on_bankConflict/build/CMakeFiles/CMakeTmp

Run Build Command(s):/usr/bin/make cmTC_a6c8d/fast && /usr/bin/make -f CMakeFiles/cmTC_a6c8d.dir/build.make CMakeFiles/cmTC_a6c8d.dir/build
make[1]: Entering directory '/home/wzj/wzj/repos/cuda_test/5.timer_based_on_bankConflict/build/CMakeFiles/CMakeTmp'
Building CXX object CMakeFiles/cmTC_a6c8d.dir/src.cxx.o
/usr/bin/c++    -DCMAKE_HAVE_LIBC_PTHREAD   -o CMakeFiles/cmTC_a6c8d.dir/src.cxx.o -c /home/wzj/wzj/repos/cuda_test/5.timer_based_on_bankConflict/build/CMakeFiles/CMakeTmp/src.cxx
Linking CXX executable cmTC_a6c8d
/usr/bin/cmake -E cmake_link_script CMakeFiles/cmTC_a6c8d.dir/link.txt --verbose=1
/usr/bin/c++   -DCMAKE_HAVE_LIBC_PTHREAD    CMakeFiles/cmTC_a6c8d.dir/src.cxx.o  -o cmTC_a6c8d 
/usr/bin/ld: CMakeFiles/cmTC_a6c8d.dir/src.cxx.o: in function `main':
src.cxx:(.text+0x46): undefined reference to `pthread_create'
/usr/bin/ld: src.cxx:(.text+0x52): undefined reference to `pthread_detach'
/usr/bin/ld: src.cxx:(.text+0x63): undefined reference to `pthread_join'
collect2: error: ld returned 1 exit status
make[1]: *** [CMakeFiles/cmTC_a6c8d.dir/build.make:87: cmTC_a6c8d] Error 1
make[1]: Leaving directory '/home/wzj/wzj/repos/cuda_test/5.timer_based_on_bankConflict/build/CMakeFiles/CMakeTmp'
make: *** [Makefile:121: cmTC_a6c8d/fast] Error 2


Source file was:
#include <pthread.h>

void* test_func(void* data)
{
  return data;
}

int main(void)
{
  pthread_t thread;
  pthread_create(&thread, NULL, test_func, NULL);
  pthread_detach(thread);
  pthread_join(thread, NULL);
  pthread_atfork(NULL, NULL, NULL);
  pthread_exit(NULL);

  return 0;
}

Determining if the function pthread_create exists in the pthreads failed with the following output:
Change Dir: /home/wzj/wzj/repos/cuda_test/5.timer_based_on_bankConflict/build/CMakeFiles/CMakeTmp

Run Build Command(s):/usr/bin/make cmTC_25c8c/fast && /usr/bin/make -f CMakeFiles/cmTC_25c8c.dir/build.make CMakeFiles/cmTC_25c8c.dir/build
make[1]: Entering directory '/home/wzj/wzj/repos/cuda_test/5.timer_based_on_bankConflict/build/CMakeFiles/CMakeTmp'
Building CXX object CMakeFiles/cmTC_25c8c.dir/CheckFunctionExists.cxx.o
/usr/bin/c++    -DCHECK_FUNCTION_EXISTS=pthread_create   -o CMakeFiles/cmTC_25c8c.dir/CheckFunctionExists.cxx.o -c /home/wzj/wzj/repos/cuda_test/5.timer_based_on_bankConflict/build/CMakeFiles/CheckLibraryExists/CheckFunctionExists.cxx
Linking CXX executable cmTC_25c8c
/usr/bin/cmake -E cmake_link_script CMakeFiles/cmTC_25c8c.dir/link.txt --verbose=1
/usr/bin/c++   -DCHECK_FUNCTION_EXISTS=pthread_create    CMakeFiles/cmTC_25c8c.dir/CheckFunctionExists.cxx.o  -o cmTC_25c8c  -lpthreads 
/usr/bin/ld: cannot find -lpthreads
collect2: error: ld returned 1 exit status
make[1]: *** [CMakeFiles/cmTC_25c8c.dir/build.make:87: cmTC_25c8c] Error 1
make[1]: Leaving directory '/home/wzj/wzj/repos/cuda_test/5.timer_based_on_bankConflict/build/CMakeFiles/CMakeTmp'
make: *** [Makefile:121: cmTC_25c8c/fast] Error 2



